<?xml version="1.0" encoding="UTF-8"?>
<!-- Generated by org.testng.reporters.JUnitReportReporter -->
<testsuite hostname="DESKTOP-PE8B21G" failures="0" tests="4" name="tediTestNG.TEDIHomepage" time="34.933" errors="0" timestamp="2024-03-11T17:07:45 IST" skipped="0">
  <testcase classname="tediTestNG.TEDIHomepage" name="page" time="3.071"/>
  <system-out/>
  <testcase classname="tediTestNG.TEDIHomepage" name="Gov" time="7.202"/>
  <system-out/>
  <testcase classname="tediTestNG.TEDIHomepage" name="Tedi" time="19.567"/>
  <system-out/>
  <testcase classname="tediTestNG.TEDIHomepage" name="socialmedia" time="5.093"/>
  <system-out/>
</testsuite> <!-- tediTestNG.TEDIHomepage -->
